build/outputs/logs/manifest-merger-debug-report.txt
-- Merging decision tree log ---
manifest
ADDED from WeatherSummary_lowcost_1280-720\WeatherWidget_Summary\AndroidManifest.xml:2:1-179:12
MERGED from [com.lzy.net:okgo:3.0.4] AndroidManifest.xml:17:1-31:12
	package
		ADDED from WeatherSummary_lowcost_1280-720\WeatherWidget_Summary\AndroidManifest.xml:3:5-34
	xmlns:android
		ADDED from WeatherSummary_lowcost_1280-720\WeatherWidget_Summary\AndroidManifest.xml:2:11-69
uses-permission#android.permission.ACCESS_COARSE_LOCATION
ADDED from WeatherSummary_lowcost_1280-720\WeatherWidget_Summary\AndroidManifest.xml:8:5-97
	android:name
		ADDED from WeatherSummary_lowcost_1280-720\WeatherWidget_Summary\AndroidManifest.xml:8:22-78
uses-permission#android.permission.ACCESS_FINE_LOCATION
ADDED from WeatherSummary_lowcost_1280-720\WeatherWidget_Summary\AndroidManifest.xml:10:5-95
	android:name
		ADDED from WeatherSummary_lowcost_1280-720\WeatherWidget_Summary\AndroidManifest.xml:10:22-76
uses-permission#android.permission.ACCESS_NETWORK_STATE
ADDED from WeatherSummary_lowcost_1280-720\WeatherWidget_Summary\AndroidManifest.xml:12:5-95
	android:name
		ADDED from WeatherSummary_lowcost_1280-720\WeatherWidget_Summary\AndroidManifest.xml:12:22-76
uses-permission#android.permission.ACCESS_WIFI_STATE
ADDED from WeatherSummary_lowcost_1280-720\WeatherWidget_Summary\AndroidManifest.xml:14:5-92
	android:name
		ADDED from WeatherSummary_lowcost_1280-720\WeatherWidget_Summary\AndroidManifest.xml:14:22-73
uses-permission#android.permission.CHANGE_WIFI_STATE
ADDED from WeatherSummary_lowcost_1280-720\WeatherWidget_Summary\AndroidManifest.xml:16:5-92
	android:name
		ADDED from WeatherSummary_lowcost_1280-720\WeatherWidget_Summary\AndroidManifest.xml:16:22-73
uses-permission#android.permission.INTERNET
ADDED from WeatherSummary_lowcost_1280-720\WeatherWidget_Summary\AndroidManifest.xml:18:5-83
MERGED from [com.lzy.net:okgo:3.0.4] AndroidManifest.xml:26:5-67
MERGED from [com.lzy.net:okgo:3.0.4] AndroidManifest.xml:26:5-67
	android:name
		ADDED from WeatherSummary_lowcost_1280-720\WeatherWidget_Summary\AndroidManifest.xml:18:22-64
uses-permission#android.permission.READ_PHONE_STATE
ADDED from WeatherSummary_lowcost_1280-720\WeatherWidget_Summary\AndroidManifest.xml:20:5-91
	android:name
		ADDED from WeatherSummary_lowcost_1280-720\WeatherWidget_Summary\AndroidManifest.xml:20:22-72
uses-permission#android.permission.WRITE_EXTERNAL_STORAGE
ADDED from WeatherSummary_lowcost_1280-720\WeatherWidget_Summary\AndroidManifest.xml:22:5-97
MERGED from [com.lzy.net:okgo:3.0.4] AndroidManifest.xml:28:5-81
MERGED from [com.lzy.net:okgo:3.0.4] AndroidManifest.xml:28:5-81
	android:name
		ADDED from WeatherSummary_lowcost_1280-720\WeatherWidget_Summary\AndroidManifest.xml:22:22-78
uses-permission#android.permission.ACCESS_LOCATION_EXTRA_COMMANDS
ADDED from WeatherSummary_lowcost_1280-720\WeatherWidget_Summary\AndroidManifest.xml:24:5-105
	android:name
		ADDED from WeatherSummary_lowcost_1280-720\WeatherWidget_Summary\AndroidManifest.xml:24:22-86
uses-permission#android.permission.BLUETOOTH
ADDED from WeatherSummary_lowcost_1280-720\WeatherWidget_Summary\AndroidManifest.xml:26:5-84
	android:name
		ADDED from WeatherSummary_lowcost_1280-720\WeatherWidget_Summary\AndroidManifest.xml:26:22-65
uses-permission#android.permission.BLUETOOTH_ADMIN
ADDED from WeatherSummary_lowcost_1280-720\WeatherWidget_Summary\AndroidManifest.xml:27:5-90
	android:name
		ADDED from WeatherSummary_lowcost_1280-720\WeatherWidget_Summary\AndroidManifest.xml:27:22-71
uses-permission#android.permission.RECEIVE_BOOT_COMPLETED
ADDED from WeatherSummary_lowcost_1280-720\WeatherWidget_Summary\AndroidManifest.xml:29:5-81
	android:name
		ADDED from WeatherSummary_lowcost_1280-720\WeatherWidget_Summary\AndroidManifest.xml:29:22-78
uses-permission#android.permission.RESTART_PACKAGES
ADDED from WeatherSummary_lowcost_1280-720\WeatherWidget_Summary\AndroidManifest.xml:33:5-75
	android:name
		ADDED from WeatherSummary_lowcost_1280-720\WeatherWidget_Summary\AndroidManifest.xml:33:22-72
instrumentation
ADDED from WeatherSummary_lowcost_1280-720\WeatherWidget_Summary\AndroidManifest.xml:36:5-38:71
	android:targetPackage
		ADDED from WeatherSummary_lowcost_1280-720\WeatherWidget_Summary\AndroidManifest.xml:38:9-52
	android:name
		ADDED from WeatherSummary_lowcost_1280-720\WeatherWidget_Summary\AndroidManifest.xml:37:9-62
application
ADDED from WeatherSummary_lowcost_1280-720\WeatherWidget_Summary\AndroidManifest.xml:40:5-177:19
	android:label
		ADDED from WeatherSummary_lowcost_1280-720\WeatherWidget_Summary\AndroidManifest.xml:43:9-41
	android:icon
		ADDED from WeatherSummary_lowcost_1280-720\WeatherWidget_Summary\AndroidManifest.xml:42:9-53
	android:theme
		ADDED from WeatherSummary_lowcost_1280-720\WeatherWidget_Summary\AndroidManifest.xml:44:9-66
	android:name
		ADDED from WeatherSummary_lowcost_1280-720\WeatherWidget_Summary\AndroidManifest.xml:41:9-73
uses-library#android.test.runner
ADDED from WeatherSummary_lowcost_1280-720\WeatherWidget_Summary\AndroidManifest.xml:46:9-60
	android:name
		ADDED from WeatherSummary_lowcost_1280-720\WeatherWidget_Summary\AndroidManifest.xml:46:23-57
meta-data#com.amap.api.v2.apikey
ADDED from WeatherSummary_lowcost_1280-720\WeatherWidget_Summary\AndroidManifest.xml:48:9-49:21
	android:value
		ADDED from WeatherSummary_lowcost_1280-720\WeatherWidget_Summary\AndroidManifest.xml:48:58-106
	android:name
		ADDED from WeatherSummary_lowcost_1280-720\WeatherWidget_Summary\AndroidManifest.xml:48:20-57
receiver#cn.flyaudio.weather.WeatherWidget
ADDED from WeatherSummary_lowcost_1280-720\WeatherWidget_Summary\AndroidManifest.xml:51:9-91:20
	android:label
		ADDED from WeatherSummary_lowcost_1280-720\WeatherWidget_Summary\AndroidManifest.xml:53:13-45
	android:name
		ADDED from WeatherSummary_lowcost_1280-720\WeatherWidget_Summary\AndroidManifest.xml:52:13-61
intent-filter#action:name:android.appwidget.action.APPWIDGET_UPDATE
ADDED from WeatherSummary_lowcost_1280-720\WeatherWidget_Summary\AndroidManifest.xml:54:13-56:29
action#android.appwidget.action.APPWIDGET_UPDATE
ADDED from WeatherSummary_lowcost_1280-720\WeatherWidget_Summary\AndroidManifest.xml:55:17-84
	android:name
		ADDED from WeatherSummary_lowcost_1280-720\WeatherWidget_Summary\AndroidManifest.xml:55:25-81
meta-data#android.appwidget.provider
ADDED from WeatherSummary_lowcost_1280-720\WeatherWidget_Summary\AndroidManifest.xml:58:13-60:58
	android:resource
		ADDED from WeatherSummary_lowcost_1280-720\WeatherWidget_Summary\AndroidManifest.xml:60:17-55
	android:name
		ADDED from WeatherSummary_lowcost_1280-720\WeatherWidget_Summary\AndroidManifest.xml:59:17-58
intent-filter#action:name:android.net.conn.CONNECTIVITY_CHANGE
ADDED from WeatherSummary_lowcost_1280-720\WeatherWidget_Summary\AndroidManifest.xml:62:13-64:29
action#android.net.conn.CONNECTIVITY_CHANGE
ADDED from WeatherSummary_lowcost_1280-720\WeatherWidget_Summary\AndroidManifest.xml:63:17-79
	android:name
		ADDED from WeatherSummary_lowcost_1280-720\WeatherWidget_Summary\AndroidManifest.xml:63:25-76
intent-filter#action:name:android.intent.action.BOOT_COMPLETED
ADDED from WeatherSummary_lowcost_1280-720\WeatherWidget_Summary\AndroidManifest.xml:65:13-67:29
action#android.intent.action.BOOT_COMPLETED
ADDED from WeatherSummary_lowcost_1280-720\WeatherWidget_Summary\AndroidManifest.xml:66:17-79
	android:name
		ADDED from WeatherSummary_lowcost_1280-720\WeatherWidget_Summary\AndroidManifest.xml:66:25-76
intent-filter#action:name:android.intent.action.TIME_SET
ADDED from WeatherSummary_lowcost_1280-720\WeatherWidget_Summary\AndroidManifest.xml:68:13-70:29
action#android.intent.action.TIME_SET
ADDED from WeatherSummary_lowcost_1280-720\WeatherWidget_Summary\AndroidManifest.xml:69:17-73
	android:name
		ADDED from WeatherSummary_lowcost_1280-720\WeatherWidget_Summary\AndroidManifest.xml:69:25-70
intent-filter#action:name:action.flyaudio.colortheme
ADDED from WeatherSummary_lowcost_1280-720\WeatherWidget_Summary\AndroidManifest.xml:72:13-74:29
action#action.flyaudio.colortheme
ADDED from WeatherSummary_lowcost_1280-720\WeatherWidget_Summary\AndroidManifest.xml:73:17-69
	android:name
		ADDED from WeatherSummary_lowcost_1280-720\WeatherWidget_Summary\AndroidManifest.xml:73:25-66
intent-filter#action:name:android.intent.action.LOCALE_CHANGED
ADDED from WeatherSummary_lowcost_1280-720\WeatherWidget_Summary\AndroidManifest.xml:76:13-78:29
action#android.intent.action.LOCALE_CHANGED
ADDED from WeatherSummary_lowcost_1280-720\WeatherWidget_Summary\AndroidManifest.xml:77:17-79
	android:name
		ADDED from WeatherSummary_lowcost_1280-720\WeatherWidget_Summary\AndroidManifest.xml:77:25-76
receiver#cn.flyaudio.Weather.GetWeatherMsgRec
ADDED from WeatherSummary_lowcost_1280-720\WeatherWidget_Summary\AndroidManifest.xml:92:9-100:20
	android:enabled
		ADDED from WeatherSummary_lowcost_1280-720\WeatherWidget_Summary\AndroidManifest.xml:94:13-35
	android:exported
		ADDED from WeatherSummary_lowcost_1280-720\WeatherWidget_Summary\AndroidManifest.xml:93:13-36
	android:name
		ADDED from WeatherSummary_lowcost_1280-720\WeatherWidget_Summary\AndroidManifest.xml:92:19-51
intent-filter#action:name:com.android.flyaudio.weather.GETWEATHER
ADDED from WeatherSummary_lowcost_1280-720\WeatherWidget_Summary\AndroidManifest.xml:96:13-98:29
action#com.android.flyaudio.weather.GETWEATHER
ADDED from WeatherSummary_lowcost_1280-720\WeatherWidget_Summary\AndroidManifest.xml:97:17-81
	android:name
		ADDED from WeatherSummary_lowcost_1280-720\WeatherWidget_Summary\AndroidManifest.xml:97:25-79
activity#cn.flyaudio.weather.activity.CityEditPageActivity
ADDED from WeatherSummary_lowcost_1280-720\WeatherWidget_Summary\AndroidManifest.xml:103:9-109:63
	android:launchMode
		ADDED from WeatherSummary_lowcost_1280-720\WeatherWidget_Summary\AndroidManifest.xml:107:13-44
	android:exported
		ADDED from WeatherSummary_lowcost_1280-720\WeatherWidget_Summary\AndroidManifest.xml:106:13-36
	android:configChanges
		ADDED from WeatherSummary_lowcost_1280-720\WeatherWidget_Summary\AndroidManifest.xml:105:13-72
	android:theme
		ADDED from WeatherSummary_lowcost_1280-720\WeatherWidget_Summary\AndroidManifest.xml:109:13-60
	android:name
		ADDED from WeatherSummary_lowcost_1280-720\WeatherWidget_Summary\AndroidManifest.xml:104:13-77
activity#cn.flyaudio.weather.activity.AddCityActivity
ADDED from WeatherSummary_lowcost_1280-720\WeatherWidget_Summary\AndroidManifest.xml:110:9-118:80
	android:launchMode
		ADDED from WeatherSummary_lowcost_1280-720\WeatherWidget_Summary\AndroidManifest.xml:114:13-44
	android:windowSoftInputMode
		ADDED from WeatherSummary_lowcost_1280-720\WeatherWidget_Summary\AndroidManifest.xml:118:13-77
	android:exported
		ADDED from WeatherSummary_lowcost_1280-720\WeatherWidget_Summary\AndroidManifest.xml:113:13-36
	android:configChanges
		ADDED from WeatherSummary_lowcost_1280-720\WeatherWidget_Summary\AndroidManifest.xml:112:13-63
	android:theme
		ADDED from WeatherSummary_lowcost_1280-720\WeatherWidget_Summary\AndroidManifest.xml:117:13-72
	android:name
		ADDED from WeatherSummary_lowcost_1280-720\WeatherWidget_Summary\AndroidManifest.xml:111:13-72
activity#cn.flyaudio.weather.activity.WeatherDetailsActivity
ADDED from WeatherSummary_lowcost_1280-720\WeatherWidget_Summary\AndroidManifest.xml:119:9-131:20
	android:launchMode
		ADDED from WeatherSummary_lowcost_1280-720\WeatherWidget_Summary\AndroidManifest.xml:124:13-44
	android:exported
		ADDED from WeatherSummary_lowcost_1280-720\WeatherWidget_Summary\AndroidManifest.xml:122:13-36
	android:configChanges
		ADDED from WeatherSummary_lowcost_1280-720\WeatherWidget_Summary\AndroidManifest.xml:121:13-63
	android:icon
		ADDED from WeatherSummary_lowcost_1280-720\WeatherWidget_Summary\AndroidManifest.xml:123:13-57
	android:theme
		ADDED from WeatherSummary_lowcost_1280-720\WeatherWidget_Summary\AndroidManifest.xml:126:13-70
	android:name
		ADDED from WeatherSummary_lowcost_1280-720\WeatherWidget_Summary\AndroidManifest.xml:120:13-79
intent-filter#action:name:android.intent.action.MAIN+category:name:android.intent.category.LAUNCHER
ADDED from WeatherSummary_lowcost_1280-720\WeatherWidget_Summary\AndroidManifest.xml:127:13-130:29
action#android.intent.action.MAIN
ADDED from WeatherSummary_lowcost_1280-720\WeatherWidget_Summary\AndroidManifest.xml:128:17-69
	android:name
		ADDED from WeatherSummary_lowcost_1280-720\WeatherWidget_Summary\AndroidManifest.xml:128:25-66
category#android.intent.category.LAUNCHER
ADDED from WeatherSummary_lowcost_1280-720\WeatherWidget_Summary\AndroidManifest.xml:129:17-77
	android:name
		ADDED from WeatherSummary_lowcost_1280-720\WeatherWidget_Summary\AndroidManifest.xml:129:27-74
service#cn.flyaudio.weather.service.WeatherService
ADDED from WeatherSummary_lowcost_1280-720\WeatherWidget_Summary\AndroidManifest.xml:133:9-141:19
	android:enabled
		ADDED from WeatherSummary_lowcost_1280-720\WeatherWidget_Summary\AndroidManifest.xml:134:13-35
	android:exported
		ADDED from WeatherSummary_lowcost_1280-720\WeatherWidget_Summary\AndroidManifest.xml:135:13-36
	android:name
		ADDED from WeatherSummary_lowcost_1280-720\WeatherWidget_Summary\AndroidManifest.xml:133:18-75
intent-filter#action:name:cn.flyaudio.weater.RequestWeather
ADDED from WeatherSummary_lowcost_1280-720\WeatherWidget_Summary\AndroidManifest.xml:138:13-140:29
action#cn.flyaudio.weater.RequestWeather
ADDED from WeatherSummary_lowcost_1280-720\WeatherWidget_Summary\AndroidManifest.xml:139:17-76
	android:name
		ADDED from WeatherSummary_lowcost_1280-720\WeatherWidget_Summary\AndroidManifest.xml:139:25-73
service#com.amap.api.location.APSService
ADDED from WeatherSummary_lowcost_1280-720\WeatherWidget_Summary\AndroidManifest.xml:144:9-76
	android:name
		ADDED from WeatherSummary_lowcost_1280-720\WeatherWidget_Summary\AndroidManifest.xml:144:18-65
activity#cn.flyaudio.time.AlarmDetails
ADDED from WeatherSummary_lowcost_1280-720\WeatherWidget_Summary\AndroidManifest.xml:168:9-174:73
	android:screenOrientation
		ADDED from WeatherSummary_lowcost_1280-720\WeatherWidget_Summary\AndroidManifest.xml:173:13-50
	android:launchMode
		ADDED from WeatherSummary_lowcost_1280-720\WeatherWidget_Summary\AndroidManifest.xml:172:13-48
	android:exported
		ADDED from WeatherSummary_lowcost_1280-720\WeatherWidget_Summary\AndroidManifest.xml:171:13-36
	android:configChanges
		ADDED from WeatherSummary_lowcost_1280-720\WeatherWidget_Summary\AndroidManifest.xml:170:13-63
	android:theme
		ADDED from WeatherSummary_lowcost_1280-720\WeatherWidget_Summary\AndroidManifest.xml:174:13-70
	android:name
		ADDED from WeatherSummary_lowcost_1280-720\WeatherWidget_Summary\AndroidManifest.xml:169:13-57
uses-sdk
INJECTED from WeatherSummary_lowcost_1280-720\WeatherWidget_Summary\AndroidManifest.xml reason: use-sdk injection requested
INJECTED from WeatherSummary_lowcost_1280-720\WeatherWidget_Summary\AndroidManifest.xml
MERGED from [com.lzy.net:okgo:3.0.4] AndroidManifest.xml:22:5-24:41
MERGED from [com.lzy.net:okgo:3.0.4] AndroidManifest.xml:22:5-24:41
INJECTED from WeatherSummary_lowcost_1280-720\WeatherWidget_Summary\AndroidManifest.xml
	android:targetSdkVersion
		ADDED from [com.lzy.net:okgo:3.0.4] AndroidManifest.xml:24:9-38
	android:minSdkVersion
		INJECTED from WeatherSummary_lowcost_1280-720\WeatherWidget_Summary\AndroidManifest.xml
		ADDED from WeatherSummary_lowcost_1280-720\WeatherWidget_Summary\AndroidManifest.xml
		INJECTED from WeatherSummary_lowcost_1280-720\WeatherWidget_Summary\AndroidManifest.xml
uses-permission#android.permission.READ_EXTERNAL_STORAGE
ADDED from [com.lzy.net:okgo:3.0.4] AndroidManifest.xml:27:5-80
	android:name
		ADDED from [com.lzy.net:okgo:3.0.4] AndroidManifest.xml:27:22-77
uses-permission#android.permission.MOUNT_UNMOUNT_FILESYSTEMS
ADDED from [com.lzy.net:okgo:3.0.4] AndroidManifest.xml:29:5-84
	android:name
		ADDED from [com.lzy.net:okgo:3.0.4] AndroidManifest.xml:29:22-81